<?xml version="1.0" encoding="UTF-8"?>
<testng-results ignored="0" total="1" passed="1" failed="0" skipped="0">
  <reporter-output>
  </reporter-output>
  <suite started-at="2019-12-01T16:51:10Z" name="Default suite" finished-at="2019-12-01T16:51:11Z" duration-ms="1575">
    <groups>
    </groups>
    <test started-at="2019-12-01T16:51:10Z" name="Default test" finished-at="2019-12-01T16:51:11Z" duration-ms="1575">
      <class name="com.qa.test.HttpClientGetCapitalInfo">
        <test-method is-config="true" signature="setUp()[pri:0, instance:com.qa.test.HttpClientGetCapitalInfo@275710fc]" started-at="2019-12-01T22:21:10Z" name="setUp" finished-at="2019-12-01T22:21:10Z" duration-ms="12" status="PASS">
          <reporter-output>
          </reporter-output>
        </test-method> <!-- setUp -->
        <test-method signature="getCapitalInfo()[pri:0, instance:com.qa.test.HttpClientGetCapitalInfo@275710fc]" started-at="2019-12-01T22:21:10Z" name="getCapitalInfo" finished-at="2019-12-01T22:21:11Z" duration-ms="1531" status="PASS">
          <reporter-output>
          </reporter-output>
        </test-method> <!-- getCapitalInfo -->
      </class> <!-- com.qa.test.HttpClientGetCapitalInfo -->
    </test> <!-- Default test -->
  </suite> <!-- Default suite -->
</testng-results>
